TN:
SF:D:\Code\Projects\SlipCartAngular\src\polyfills.ts
FNF:0
FNH:0
LF:0
LH:0
BRF:0
BRH:0
end_of_record
TN:
SF:D:\Code\Projects\SlipCartAngular\src\test.ts
FNF:0
FNH:0
DA:13,1
DA:18,1
DA:20,1
LF:3
LH:3
BRF:0
BRH:0
end_of_record
TN:
SF:D:\Code\Projects\SlipCartAngular\src\app\app-routing.module.ts
FNF:0
FNH:0
DA:9,1
DA:20,1
LF:2
LH:2
BRF:0
BRH:0
end_of_record
TN:
SF:D:\Code\Projects\SlipCartAngular\src\app\Models\AppModels.ts
FN:19,(anonymous_0)
FNF:1
FNH:1
FNDA:9,(anonymous_0)
DA:20,9
DA:21,9
DA:22,9
DA:23,9
DA:24,9
LF:5
LH:5
BRF:0
BRH:0
end_of_record
TN:
SF:D:\Code\Projects\SlipCartAngular\src\app\Models\CustomerService.ts
FN:16,(anonymous_0)
FN:17,(anonymous_1)
FN:33,(anonymous_2)
FN:38,(anonymous_3)
FNF:4
FNH:2
FNDA:11,(anonymous_0)
FNDA:9,(anonymous_1)
FNDA:0,(anonymous_2)
FNDA:0,(anonymous_3)
DA:13,1
DA:16,11
DA:18,9
DA:19,9
DA:20,9
DA:21,9
DA:22,9
DA:23,9
DA:24,9
DA:25,9
DA:29,0
DA:30,0
DA:35,0
DA:36,0
DA:40,0
LF:15
LH:10
BRF:0
BRH:0
end_of_record
TN:
SF:D:\Code\Projects\SlipCartAngular\src\app\Models\FakeTestingClasses.ts
FN:10,(anonymous_0)
FN:14,(anonymous_1)
FN:15,(anonymous_2)
FN:21,(anonymous_3)
FN:24,(anonymous_4)
FN:27,(anonymous_5)
FN:28,(anonymous_6)
FN:31,(anonymous_7)
FN:32,(anonymous_8)
FN:35,(anonymous_9)
FN:37,(anonymous_10)
FN:39,(anonymous_11)
FN:44,(anonymous_12)
FNF:13
FNH:7
FNDA:0,(anonymous_0)
FNDA:1,(anonymous_1)
FNDA:0,(anonymous_2)
FNDA:0,(anonymous_3)
FNDA:0,(anonymous_4)
FNDA:0,(anonymous_5)
FNDA:3,(anonymous_6)
FNDA:1,(anonymous_7)
FNDA:1,(anonymous_8)
FNDA:1,(anonymous_9)
FNDA:2,(anonymous_10)
FNDA:1,(anonymous_11)
FNDA:0,(anonymous_12)
DA:8,1
DA:12,0
DA:14,1
DA:19,1
DA:22,0
DA:25,0
DA:29,3
DA:33,1
DA:40,1
DA:41,1
DA:42,1
DA:44,0
LF:12
LH:8
BRF:0
BRH:0
end_of_record
TN:
SF:D:\Code\Projects\SlipCartAngular\src\app\Models\ProductService.ts
FN:22,(anonymous_0)
FN:24,(anonymous_1)
FN:30,(anonymous_3)
FN:35,(anonymous_5)
FN:49,(anonymous_6)
FN:59,(anonymous_8)
FN:73,(anonymous_9)
FN:77,(anonymous_10)
FN:88,(anonymous_12)
FN:92,(anonymous_13)
FN:103,(anonymous_14)
FNF:11
FNH:0
FNDA:0,(anonymous_0)
FNDA:0,(anonymous_1)
FNDA:0,(anonymous_3)
FNDA:0,(anonymous_5)
FNDA:0,(anonymous_6)
FNDA:0,(anonymous_8)
FNDA:0,(anonymous_9)
FNDA:0,(anonymous_10)
FNDA:0,(anonymous_12)
FNDA:0,(anonymous_13)
FNDA:0,(anonymous_14)
DA:20,1
DA:22,0
DA:26,0
DA:27,0
DA:31,0
DA:32,0
DA:37,0
DA:38,0
DA:40,0
DA:44,0
DA:45,0
DA:46,0
DA:51,0
DA:52,0
DA:53,0
DA:54,0
DA:57,0
DA:60,0
DA:62,0
DA:64,0
DA:65,0
DA:66,0
DA:67,0
DA:68,0
DA:70,0
DA:75,0
DA:80,0
DA:81,0
DA:82,0
DA:83,0
DA:84,0
DA:85,0
DA:90,0
DA:94,0
DA:95,0
DA:97,0
DA:98,0
DA:99,0
DA:101,0
DA:105,0
DA:106,0
DA:107,0
LF:42
LH:1
BRDA:38,0,0,0
BRDA:38,0,1,0
BRDA:62,1,0,0
BRDA:62,1,1,0
BRDA:67,2,0,0
BRDA:67,2,1,0
BRDA:107,3,0,0
BRDA:107,3,1,0
BRDA:107,4,0,0
BRDA:107,4,1,0
BRF:10
BRH:0
end_of_record
TN:
SF:D:\Code\Projects\SlipCartAngular\src\app\Models\ViewModels.ts
FN:9,(anonymous_0)
FN:15,(anonymous_1)
FNF:2
FNH:2
FNDA:11,(anonymous_0)
FNDA:11,(anonymous_1)
DA:11,11
DA:12,11
DA:13,11
DA:17,11
DA:18,11
DA:20,22
DA:22,6
DA:24,3
DA:25,3
DA:29,11
LF:10
LH:10
BRDA:24,0,0,3
BRDA:24,0,1,3
BRF:2
BRH:2
end_of_record
TN:
SF:D:\Code\Projects\SlipCartAngular\src\app\invoice\invoice.component.ts
FN:17,(anonymous_0)
FN:19,(anonymous_1)
FN:24,(anonymous_2)
FN:28,(anonymous_3)
FNF:4
FNH:3
FNDA:2,(anonymous_0)
FNDA:2,(anonymous_1)
FNDA:1,(anonymous_2)
FNDA:0,(anonymous_3)
DA:13,1
DA:17,2
DA:20,2
DA:21,2
DA:23,1
DA:25,1
DA:26,1
DA:28,0
DA:32,1
LF:9
LH:8
BRDA:21,0,0,1
BRDA:21,0,1,1
BRF:2
BRH:2
end_of_record
TN:
SF:D:\Code\Projects\SlipCartAngular\src\app\login\login.component.ts
FN:16,(anonymous_0)
FN:22,(anonymous_1)
FN:30,(anonymous_2)
FN:30,(anonymous_3)
FN:32,(anonymous_4)
FNF:5
FNH:5
FNDA:11,(anonymous_0)
FNDA:11,(anonymous_1)
FNDA:6,(anonymous_2)
FNDA:1,(anonymous_3)
FNDA:6,(anonymous_4)
DA:11,1
DA:16,11
DA:18,11
DA:19,11
DA:20,11
DA:26,11
DA:27,11
DA:28,11
DA:29,7
DA:30,7
DA:34,6
DA:37,3
DA:41,3
DA:42,3
DA:44,1
DA:48,2
LF:16
LH:16
BRDA:28,0,0,4
BRDA:28,0,1,7
BRDA:34,1,0,3
BRDA:34,1,1,3
BRDA:42,2,0,1
BRDA:42,2,1,2
BRF:6
BRH:6
end_of_record
TN:
SF:D:\Code\Projects\SlipCartAngular\src\app\product\product.component.ts
FN:15,(anonymous_0)
FN:18,(anonymous_1)
FN:18,(anonymous_2)
FN:20,(anonymous_3)
FN:23,(anonymous_4)
FN:23,(anonymous_5)
FN:25,(anonymous_6)
FN:29,(anonymous_7)
FNF:8
FNH:6
FNDA:3,(anonymous_0)
FNDA:3,(anonymous_1)
FNDA:0,(anonymous_2)
FNDA:1,(anonymous_3)
FNDA:1,(anonymous_4)
FNDA:0,(anonymous_5)
FNDA:1,(anonymous_6)
FNDA:1,(anonymous_7)
DA:11,1
DA:15,3
DA:17,3
DA:18,3
DA:22,1
DA:23,1
DA:27,1
DA:31,1
DA:32,1
DA:34,0
DA:38,1
LF:11
LH:10
BRDA:32,0,0,0
BRDA:32,0,1,1
BRF:2
BRH:1
end_of_record
TN:
SF:D:\Code\Projects\SlipCartAngular\src\app\view-cart\view-cart.component.ts
FN:18,(anonymous_0)
FN:21,(anonymous_1)
FN:23,(anonymous_2)
FN:25,(anonymous_3)
FN:26,(anonymous_4)
FN:28,(anonymous_5)
FN:32,(anonymous_6)
FNF:7
FNH:6
FNDA:2,(anonymous_0)
FNDA:3,(anonymous_1)
FNDA:3,(anonymous_2)
FNDA:6,(anonymous_3)
FNDA:0,(anonymous_4)
FNDA:1,(anonymous_5)
FNDA:3,(anonymous_6)
DA:13,1
DA:15,2
DA:18,2
DA:19,2
DA:23,3
DA:24,3
DA:25,6
DA:26,0
DA:29,1
DA:30,1
DA:36,3
DA:38,1
DA:39,1
DA:42,2
DA:43,2
DA:44,2
DA:46,1
DA:50,1
LF:18
LH:17
BRDA:36,0,0,1
BRDA:36,0,1,2
BRDA:44,1,0,1
BRDA:44,1,1,1
BRF:4
BRH:4
end_of_record
